<?xml version="1.0" encoding="UTF-8"?>
<testng-results ignored="0" total="1" passed="1" failed="0" skipped="0">
  <reporter-output>
  </reporter-output>
  <suite started-at="2023-07-27T10:57:14 IST" name="Suite" finished-at="2023-07-27T10:57:29 IST" duration-ms="15005">
    <groups>
    </groups>
    <test started-at="2023-07-27T10:57:14 IST" name="Test" finished-at="2023-07-27T10:57:29 IST" duration-ms="15005">
      <class name="Com.Ecommerce.TestCases.TC_NewRegistrationTestCases">
        <test-method is-config="true" signature="Setup(java.lang.String)[pri:0, instance:Com.Ecommerce.TestCases.TC_NewRegistrationTestCases@a3d8174]" started-at="2023-07-27T10:57:14 IST" name="Setup" finished-at="2023-07-27T10:57:18 IST" duration-ms="3435" status="PASS">
          <params>
            <param index="0">
              <value>
                <![CDATA[chrome]]>
              </value>
            </param>
          </params>
          <reporter-output>
          </reporter-output>
        </test-method> <!-- Setup -->
        <test-method signature="Registration()[pri:0, instance:Com.Ecommerce.TestCases.TC_NewRegistrationTestCases@a3d8174]" started-at="2023-07-27T10:57:18 IST" name="Registration" finished-at="2023-07-27T10:57:26 IST" duration-ms="8054" status="PASS">
          <reporter-output>
          </reporter-output>
        </test-method> <!-- Registration -->
        <test-method is-config="true" signature="Teardown()[pri:0, instance:Com.Ecommerce.TestCases.TC_NewRegistrationTestCases@a3d8174]" started-at="2023-07-27T10:57:26 IST" name="Teardown" finished-at="2023-07-27T10:57:29 IST" duration-ms="3269" status="PASS">
          <reporter-output>
          </reporter-output>
        </test-method> <!-- Teardown -->
      </class> <!-- Com.Ecommerce.TestCases.TC_NewRegistrationTestCases -->
    </test> <!-- Test -->
  </suite> <!-- Suite -->
</testng-results>
