<?xml version="1.0" encoding="UTF-8"?>
<testsuite xmlns:xsi="http://www.w3.org/2001/XMLSchema-instance" xsi:noNamespaceSchemaLocation="https://maven.apache.org/surefire/maven-surefire-plugin/xsd/surefire-test-report-3.0.xsd" version="3.0" name="TestSuite" time="15.764" tests="1" errors="0" skipped="0" failures="0">
  <properties>
[...]
</properties>
  <testcase name="Registration" classname="Com.Ecommerce.TestCases.TC_NewRegistrationTestCases" time="8.271">
    <system-out><![CDATA[ INFO [main] (Eccommerce_BaseClass.java:50)- Enter URL
 INFO [main] (Eccommerce_BaseClass.java:52)- Maximize browser
 INFO [main] (TC_NewRegistrationTestCases.java:20)- clicked on register button
 INFO [main] (TC_NewRegistrationTestCases.java:22)- Select Gender
 INFO [main] (TC_NewRegistrationTestCases.java:24)- Enter First Name
 INFO [main] (TC_NewRegistrationTestCases.java:26)- Enter Last Name
 INFO [main] (TC_NewRegistrationTestCases.java:30)- Enter Email Address
 INFO [main] (TC_NewRegistrationTestCases.java:32)- Enter Password
 INFO [main] (TC_NewRegistrationTestCases.java:34)- Enter confirm Password
 INFO [main] (TC_NewRegistrationTestCases.java:43)- Created user succesfully
C:\Users\renuka.thengil\eclipse-workspace\11March_Automation_Framework\src\test\resources
]]></system-out>
    <system-err><![CDATA[SLF4J: No SLF4J providers were found.
SLF4J: Defaulting to no-operation (NOP) logger implementation
SLF4J: See https://www.slf4j.org/codes.html#noProviders for further details.
ERROR StatusLogger Log4j2 could not find a logging implementation. Please add log4j-core to the classpath. Using SimpleLogger to log to the console...
Starting ChromeDriver 114.0.5735.90 (386bc09e8f4f2e025eddae123f36f6263096ae49-refs/branch-heads/5735@{#1052}) on port 42355
Only local connections are allowed.
Please see https://chromedriver.chromium.org/security-considerations for suggestions on keeping ChromeDriver safe.
ChromeDriver was started successfully.
[1690435636.425][WARNING]: This version of ChromeDriver has not been tested with Chrome version 115.
Jul 27, 2023 10:57:16 AM org.openqa.selenium.devtools.CdpVersionFinder findNearestMatch
WARNING: Unable to find an exact match for CDP version 115, so returning the closest version found: 112
]]></system-err>
  </testcase>
</testsuite>